# JRE version: Java(TM) SE Runtime Environment (7.0_71-b14) (build 1.7.0_71-b14)
# Java VM: Java HotSpot(TM) 64-Bit Server VM (24.71-b01 mixed mode windows-amd64 compressed oops)
Heap
 PSYoungGen      total 233472K, used 107572K [0x00000000eaa80000, 0x0000000100000000, 0x0000000100000000)
  eden space 117248K, 91% used [0x00000000eaa80000,0x00000000f138d1d8,0x00000000f1d00000)
  from space 116224K, 0% used [0x00000000f1d00000,0x00000000f1d00000,0x00000000f8e80000)
  to   space 116224K, 0% used [0x00000000f8e80000,0x00000000f8e80000,0x0000000100000000)
 ParOldGen       total 299520K, used 179945K [0x00000000c0000000, 0x00000000d2480000, 0x00000000eaa80000)
  object space 299520K, 60% used [0x00000000c0000000,0x00000000cafba738,0x00000000d2480000)
 PSPermGen       total 21504K, used 6008K [0x00000000bae00000, 0x00000000bc300000, 0x00000000c0000000)
  object space 21504K, 27% used [0x00000000bae00000,0x00000000bb3de110,0x00000000bc300000)
GC Heap History (10 events):
Event: 38.608 GC heap before
{Heap before GC invocations=16 (full 4):
 PSYoungGen      total 186880K, used 128512K [0x00000000eaa80000, 0x0000000100000000, 0x0000000100000000)
  eden space 128512K, 100% used [0x00000000eaa80000,0x00000000f2800000,0x00000000f2800000)
  from space 58368K, 0% used [0x00000000f2800000,0x00000000f2800000,0x00000000f6100000)
  to   space 111104K, 0% used [0x00000000f9380000,0x00000000f9380000,0x0000000100000000)
 ParOldGen       total 270848K, used 139982K [0x00000000c0000000, 0x00000000d0880000, 0x00000000eaa80000)
  object space 270848K, 51% used [0x00000000c0000000,0x00000000c88b3ae0,0x00000000d0880000)
 PSPermGen       total 21504K, used 6002K [0x00000000bae00000, 0x00000000bc300000, 0x00000000c0000000)
  object space 21504K, 27% used [0x00000000bae00000,0x00000000bb3dc898,0x00000000bc300000)
Event: 38.670 GC heap after
Heap after GC invocations=16 (full 4):
 PSYoungGen      total 245760K, used 40116K [0x00000000eaa80000, 0x0000000100000000, 0x0000000100000000)
  eden space 134656K, 0% used [0x00000000eaa80000,0x00000000eaa80000,0x00000000f2e00000)
  from space 111104K, 36% used [0x00000000f9380000,0x00000000fbaad338,0x0000000100000000)
  to   space 103936K, 0% used [0x00000000f2e00000,0x00000000f2e00000,0x00000000f9380000)
 ParOldGen       total 270848K, used 139982K [0x00000000c0000000, 0x00000000d0880000, 0x00000000eaa80000)
  object space 270848K, 51% used [0x00000000c0000000,0x00000000c88b3ae0,0x00000000d0880000)
 PSPermGen       total 21504K, used 6002K [0x00000000bae00000, 0x00000000bc300000, 0x00000000c0000000)
  object space 21504K, 27% used [0x00000000bae00000,0x00000000bb3dc898,0x00000000bc300000)
}
Event: 39.240 GC heap before
{Heap before GC invocations=17 (full 4):
 PSYoungGen      total 245760K, used 174772K [0x00000000eaa80000, 0x0000000100000000, 0x0000000100000000)
  eden space 134656K, 100% used [0x00000000eaa80000,0x00000000f2e00000,0x00000000f2e00000)
  from space 111104K, 36% used [0x00000000f9380000,0x00000000fbaad338,0x0000000100000000)
  to   space 103936K, 0% used [0x00000000f2e00000,0x00000000f2e00000,0x00000000f9380000)
 ParOldGen       total 270848K, used 139982K [0x00000000c0000000, 0x00000000d0880000, 0x00000000eaa80000)
  object space 270848K, 51% used [0x00000000c0000000,0x00000000c88b3ae0,0x00000000d0880000)
 PSPermGen       total 21504K, used 6002K [0x00000000bae00000, 0x00000000bc300000, 0x00000000c0000000)
  object space 21504K, 27% used [0x00000000bae00000,0x00000000bb3dc898,0x00000000bc300000)
Event: 39.336 GC heap after
Heap after GC invocations=17 (full 4):
 PSYoungGen      total 238592K, used 103909K [0x00000000eaa80000, 0x0000000100000000, 0x0000000100000000)
  eden space 134656K, 0% used [0x00000000eaa80000,0x00000000eaa80000,0x00000000f2e00000)
  from space 103936K, 99% used [0x00000000f2e00000,0x00000000f9379410,0x00000000f9380000)
  to   space 111104K, 0% used [0x00000000f9380000,0x00000000f9380000,0x0000000100000000)
 ParOldGen       total 270848K, used 153138K [0x00000000c0000000, 0x00000000d0880000, 0x00000000eaa80000)
  object space 270848K, 56% used [0x00000000c0000000,0x00000000c958c880,0x00000000d0880000)
 PSPermGen       total 21504K, used 6002K [0x00000000bae00000, 0x00000000bc300000, 0x00000000c0000000)
  object space 21504K, 27% used [0x00000000bae00000,0x00000000bb3dc898,0x00000000bc300000)
}
Event: 39.689 GC heap before
{Heap before GC invocations=18 (full 4):
 PSYoungGen      total 238592K, used 238565K [0x00000000eaa80000, 0x0000000100000000, 0x0000000100000000)
  eden space 134656K, 100% used [0x00000000eaa80000,0x00000000f2e00000,0x00000000f2e00000)
  from space 103936K, 99% used [0x00000000f2e00000,0x00000000f9379410,0x00000000f9380000)
  to   space 111104K, 0% used [0x00000000f9380000,0x00000000f9380000,0x0000000100000000)
 ParOldGen       total 270848K, used 153138K [0x00000000c0000000, 0x00000000d0880000, 0x00000000eaa80000)
  object space 270848K, 56% used [0x00000000c0000000,0x00000000c958c880,0x00000000d0880000)
 PSPermGen       total 21504K, used 6002K [0x00000000bae00000, 0x00000000bc300000, 0x00000000c0000000)
  object space 21504K, 27% used [0x00000000bae00000,0x00000000bb3dcbb0,0x00000000bc300000)
Event: 39.828 GC heap after
Heap after GC invocations=18 (full 4):
 PSYoungGen      total 228352K, used 109310K [0x00000000eaa80000, 0x0000000100000000, 0x0000000100000000)
  eden space 117248K, 0% used [0x00000000eaa80000,0x00000000eaa80000,0x00000000f1d00000)
  from space 111104K, 98% used [0x00000000f9380000,0x00000000ffe3fbb0,0x0000000100000000)
  to   space 116224K, 0% used [0x00000000f1d00000,0x00000000f1d00000,0x00000000f8e80000)
 ParOldGen       total 270848K, used 191959K [0x00000000c0000000, 0x00000000d0880000, 0x00000000eaa80000)
  object space 270848K, 70% used [0x00000000c0000000,0x00000000cbb75ed0,0x00000000d0880000)
 PSPermGen       total 21504K, used 6002K [0x00000000bae00000, 0x00000000bc300000, 0x00000000c0000000)
  object space 21504K, 27% used [0x00000000bae00000,0x00000000bb3dcbb0,0x00000000bc300000)
}
Event: 40.083 GC heap before
{Heap before GC invocations=19 (full 4):
 PSYoungGen      total 228352K, used 226558K [0x00000000eaa80000, 0x0000000100000000, 0x0000000100000000)
  eden space 117248K, 100% used [0x00000000eaa80000,0x00000000f1d00000,0x00000000f1d00000)
  from space 111104K, 98% used [0x00000000f9380000,0x00000000ffe3fbb0,0x0000000100000000)
  to   space 116224K, 0% used [0x00000000f1d00000,0x00000000f1d00000,0x00000000f8e80000)
 ParOldGen       total 270848K, used 191959K [0x00000000c0000000, 0x00000000d0880000, 0x00000000eaa80000)
  object space 270848K, 70% used [0x00000000c0000000,0x00000000cbb75ed0,0x00000000d0880000)
 PSPermGen       total 21504K, used 6003K [0x00000000bae00000, 0x00000000bc300000, 0x00000000c0000000)
  object space 21504K, 27% used [0x00000000bae00000,0x00000000bb3dccd8,0x00000000bc300000)
Event: 40.868 GC heap after
Heap after GC invocations=19 (full 4):
 PSYoungGen      total 233472K, used 51564K [0x00000000eaa80000, 0x0000000100000000, 0x0000000100000000)
  eden space 117248K, 0% used [0x00000000eaa80000,0x00000000eaa80000,0x00000000f1d00000)
  from space 116224K, 44% used [0x00000000f1d00000,0x00000000f4f5b098,0x00000000f8e80000)
  to   space 116224K, 0% used [0x00000000f8e80000,0x00000000f8e80000,0x0000000100000000)
 ParOldGen       total 299520K, used 299495K [0x00000000c0000000, 0x00000000d2480000, 0x00000000eaa80000)
  object space 299520K, 99% used [0x00000000c0000000,0x00000000d2479da8,0x00000000d2480000)
 PSPermGen       total 21504K, used 6003K [0x00000000bae00000, 0x00000000bc300000, 0x00000000c0000000)
  object space 21504K, 27% used [0x00000000bae00000,0x00000000bb3dccd8,0x00000000bc300000)
}
Event: 40.868 GC heap before
{Heap before GC invocations=20 (full 5):
 PSYoungGen      total 233472K, used 51564K [0x00000000eaa80000, 0x0000000100000000, 0x0000000100000000)
  eden space 117248K, 0% used [0x00000000eaa80000,0x00000000eaa80000,0x00000000f1d00000)
  from space 116224K, 44% used [0x00000000f1d00000,0x00000000f4f5b098,0x00000000f8e80000)
  to   space 116224K, 0% used [0x00000000f8e80000,0x00000000f8e80000,0x0000000100000000)
 ParOldGen       total 299520K, used 299495K [0x00000000c0000000, 0x00000000d2480000, 0x00000000eaa80000)
  object space 299520K, 99% used [0x00000000c0000000,0x00000000d2479da8,0x00000000d2480000)
 PSPermGen       total 21504K, used 6003K [0x00000000bae00000, 0x00000000bc300000, 0x00000000c0000000)
  object space 21504K, 27% used [0x00000000bae00000,0x00000000bb3dccd8,0x00000000bc300000)
Event: 42.570 GC heap after
Heap after GC invocations=20 (full 5):
 PSYoungGen      total 233472K, used 0K [0x00000000eaa80000, 0x0000000100000000, 0x0000000100000000)
  eden space 117248K, 0% used [0x00000000eaa80000,0x00000000eaa80000,0x00000000f1d00000)
  from space 116224K, 0% used [0x00000000f1d00000,0x00000000f1d00000,0x00000000f8e80000)
  to   space 116224K, 0% used [0x00000000f8e80000,0x00000000f8e80000,0x0000000100000000)
 ParOldGen       total 299520K, used 179945K [0x00000000c0000000, 0x00000000d2480000, 0x00000000eaa80000)
  object space 299520K, 60% used [0x00000000c0000000,0x00000000cafba738,0x00000000d2480000)
 PSPermGen       total 21504K, used 6003K [0x00000000bae00000, 0x00000000bc300000, 0x00000000c0000000)
  object space 21504K, 27% used [0x00000000bae00000,0x00000000bb3dcc78,0x00000000bc300000)
}

